{"/Users/lfwang/code/Qa/qa_frontend/src/view/HomeView.js": {"path":"/Users/lfwang/code/Qa/qa_frontend/src/view/HomeView.js","statementMap":{"0":{"start":{"line":12,"column":36},"end":{"line":12,"column":42}},"1":{"start":{"line":14,"column":17},"end":{"line":58,"column":1}},"2":{"start":{"line":15,"column":19},"end":{"line":15,"column":32}},"3":{"start":{"line":17,"column":4},"end":{"line":25,"column":10}},"4":{"start":{"line":19,"column":17},"end":{"line":19,"column":46}},"5":{"start":{"line":20,"column":7},"end":{"line":20,"column":24}},"6":{"start":{"line":21,"column":8},"end":{"line":23,"column":9}},"7":{"start":{"line":22,"column":12},"end":{"line":22,"column":30}},"8":{"start":{"line":27,"column":4},"end":{"line":57,"column":6}}},"fnMap":{"0":{"name":"(anonymous_0)","decl":{"start":{"line":14,"column":17},"end":{"line":14,"column":18}},"loc":{"start":{"line":14,"column":23},"end":{"line":58,"column":1}},"line":14},"1":{"name":"(anonymous_1)","decl":{"start":{"line":17,"column":14},"end":{"line":17,"column":15}},"loc":{"start":{"line":17,"column":20},"end":{"line":25,"column":5}},"line":17}},"branchMap":{"0":{"loc":{"start":{"line":21,"column":8},"end":{"line":23,"column":9}},"type":"if","locations":[{"start":{"line":21,"column":8},"end":{"line":23,"column":9}},{"start":{},"end":{}}],"line":21}},"s":{"0":0,"1":0,"2":0,"3":0,"4":0,"5":0,"6":0,"7":0,"8":0},"f":{"0":0,"1":0},"b":{"0":[0,0]}}
,"/Users/lfwang/code/Qa/qa_frontend/src/view/ProfileView.js": {"path":"/Users/lfwang/code/Qa/qa_frontend/src/view/ProfileView.js","statementMap":{"0":{"start":{"line":13,"column":4},"end":{"line":40,"column":6}}},"fnMap":{"0":{"name":"ProfileView","decl":{"start":{"line":12,"column":9},"end":{"line":12,"column":20}},"loc":{"start":{"line":12,"column":28},"end":{"line":41,"column":1}},"line":12}},"branchMap":{},"s":{"0":0},"f":{"0":0},"b":{}}
,"/Users/lfwang/code/Qa/qa_frontend/src/view/QuestionDetailView.js": {"path":"/Users/lfwang/code/Qa/qa_frontend/src/view/QuestionDetailView.js","statementMap":{"0":{"start":{"line":12,"column":4},"end":{"line":43,"column":6}}},"fnMap":{"0":{"name":"QuestionDetailView","decl":{"start":{"line":11,"column":9},"end":{"line":11,"column":27}},"loc":{"start":{"line":11,"column":35},"end":{"line":44,"column":1}},"line":11}},"branchMap":{},"s":{"0":0},"f":{"0":0},"b":{}}
}
