TN:
SF:src/view/HomeView.js
FN:14,(anonymous_0)
FN:17,(anonymous_1)
FNF:2
FNH:0
FNDA:0,(anonymous_0)
FNDA:0,(anonymous_1)
DA:12,0
DA:14,0
DA:15,0
DA:17,0
DA:19,0
DA:20,0
DA:21,0
DA:22,0
DA:27,0
LF:9
LH:0
BRDA:21,0,0,0
BRDA:21,0,1,0
BRF:2
BRH:0
end_of_record
TN:
SF:src/view/ProfileView.js
FN:12,ProfileView
FNF:1
FNH:0
FNDA:0,ProfileView
DA:13,0
LF:1
LH:0
BRF:0
BRH:0
end_of_record
TN:
SF:src/view/QuestionDetailView.js
FN:11,QuestionDetailView
FNF:1
FNH:0
FNDA:0,QuestionDetailView
DA:12,0
LF:1
LH:0
BRF:0
BRH:0
end_of_record
